2014.06.18 09:34:29 org.eclipse.jetty.util.component.AbstractLifeCycle - FAILED SelectChannelConnector@0.0.0.0:9090 FAILED: java.net.BindException: Address already in use: bind
java.net.BindException: Address already in use: bind
	at sun.nio.ch.Net.bind(Native Method)
	at sun.nio.ch.ServerSocketChannelImpl.bind(ServerSocketChannelImpl.java:126)
	at sun.nio.ch.ServerSocketAdaptor.bind(ServerSocketAdaptor.java:59)
	at org.eclipse.jetty.server.nio.SelectChannelConnector.open(SelectChannelConnector.java:172)
	at org.eclipse.jetty.server.AbstractConnector.doStart(AbstractConnector.java:300)
	at org.eclipse.jetty.server.nio.SelectChannelConnector.doStart(SelectChannelConnector.java:249)
	at org.eclipse.jetty.util.component.AbstractLifeCycle.start(AbstractLifeCycle.java:59)
	at org.eclipse.jetty.server.Server.doStart(Server.java:272)
	at org.eclipse.jetty.util.component.AbstractLifeCycle.start(AbstractLifeCycle.java:59)
	at org.jivesoftware.openfire.container.AdminConsolePlugin.startup(AdminConsolePlugin.java:181)
	at org.jivesoftware.openfire.container.AdminConsolePlugin.initializePlugin(AdminConsolePlugin.java:216)
	at org.jivesoftware.openfire.container.PluginManager.loadPlugin(PluginManager.java:483)
	at org.jivesoftware.openfire.container.PluginManager.access$300(PluginManager.java:80)
	at org.jivesoftware.openfire.container.PluginManager$PluginMonitor.run(PluginManager.java:1073)
	at java.util.concurrent.Executors$RunnableAdapter.call(Executors.java:441)
	at java.util.concurrent.FutureTask$Sync.innerRunAndReset(FutureTask.java:317)
	at java.util.concurrent.FutureTask.runAndReset(FutureTask.java:150)
	at java.util.concurrent.ScheduledThreadPoolExecutor$ScheduledFutureTask.access$101(ScheduledThreadPoolExecutor.java:98)
	at java.util.concurrent.ScheduledThreadPoolExecutor$ScheduledFutureTask.runPeriodic(ScheduledThreadPoolExecutor.java:180)
	at java.util.concurrent.ScheduledThreadPoolExecutor$ScheduledFutureTask.run(ScheduledThreadPoolExecutor.java:204)
	at java.util.concurrent.ThreadPoolExecutor$Worker.runTask(ThreadPoolExecutor.java:886)
	at java.util.concurrent.ThreadPoolExecutor$Worker.run(ThreadPoolExecutor.java:908)
	at java.lang.Thread.run(Thread.java:662)
2014.06.18 09:34:29 org.eclipse.jetty.util.component.AbstractLifeCycle - FAILED org.eclipse.jetty.server.Server@3af2164f: java.net.BindException: Address already in use: bind
java.net.BindException: Address already in use: bind
	at sun.nio.ch.Net.bind(Native Method)
	at sun.nio.ch.ServerSocketChannelImpl.bind(ServerSocketChannelImpl.java:126)
	at sun.nio.ch.ServerSocketAdaptor.bind(ServerSocketAdaptor.java:59)
	at org.eclipse.jetty.server.nio.SelectChannelConnector.open(SelectChannelConnector.java:172)
	at org.eclipse.jetty.server.AbstractConnector.doStart(AbstractConnector.java:300)
	at org.eclipse.jetty.server.nio.SelectChannelConnector.doStart(SelectChannelConnector.java:249)
	at org.eclipse.jetty.util.component.AbstractLifeCycle.start(AbstractLifeCycle.java:59)
	at org.eclipse.jetty.server.Server.doStart(Server.java:272)
	at org.eclipse.jetty.util.component.AbstractLifeCycle.start(AbstractLifeCycle.java:59)
	at org.jivesoftware.openfire.container.AdminConsolePlugin.startup(AdminConsolePlugin.java:181)
	at org.jivesoftware.openfire.container.AdminConsolePlugin.initializePlugin(AdminConsolePlugin.java:216)
	at org.jivesoftware.openfire.container.PluginManager.loadPlugin(PluginManager.java:483)
	at org.jivesoftware.openfire.container.PluginManager.access$300(PluginManager.java:80)
	at org.jivesoftware.openfire.container.PluginManager$PluginMonitor.run(PluginManager.java:1073)
	at java.util.concurrent.Executors$RunnableAdapter.call(Executors.java:441)
	at java.util.concurrent.FutureTask$Sync.innerRunAndReset(FutureTask.java:317)
	at java.util.concurrent.FutureTask.runAndReset(FutureTask.java:150)
	at java.util.concurrent.ScheduledThreadPoolExecutor$ScheduledFutureTask.access$101(ScheduledThreadPoolExecutor.java:98)
	at java.util.concurrent.ScheduledThreadPoolExecutor$ScheduledFutureTask.runPeriodic(ScheduledThreadPoolExecutor.java:180)
	at java.util.concurrent.ScheduledThreadPoolExecutor$ScheduledFutureTask.run(ScheduledThreadPoolExecutor.java:204)
	at java.util.concurrent.ThreadPoolExecutor$Worker.runTask(ThreadPoolExecutor.java:886)
	at java.util.concurrent.ThreadPoolExecutor$Worker.run(ThreadPoolExecutor.java:908)
	at java.lang.Thread.run(Thread.java:662)
2014.06.18 09:50:10 org.jivesoftware.openfire.container.PluginManager - No plugin loader found for broadcast
2014.06.18 09:50:32 org.jivesoftware.openfire.container.PluginManager - No plugin loader found for broadcast
2014.06.18 09:50:54 org.jivesoftware.openfire.container.PluginManager - No plugin loader found for broadcast
2014.06.18 09:51:16 org.jivesoftware.openfire.container.PluginManager - No plugin loader found for broadcast
2014.06.18 09:51:38 org.jivesoftware.openfire.container.PluginManager - No plugin loader found for broadcast
2014.06.18 09:52:00 org.jivesoftware.openfire.container.PluginManager - No plugin loader found for broadcast
2014.06.18 09:52:22 org.jivesoftware.openfire.container.PluginManager - No plugin loader found for broadcast
2014.06.18 09:52:44 org.jivesoftware.openfire.container.PluginManager - No plugin loader found for broadcast
2014.06.18 09:53:06 org.jivesoftware.openfire.container.PluginManager - No plugin loader found for broadcast
2014.06.18 09:53:28 org.jivesoftware.openfire.container.PluginManager - No plugin loader found for broadcast
2014.06.18 09:53:50 org.jivesoftware.openfire.container.PluginManager - No plugin loader found for broadcast
2014.06.18 09:54:12 org.jivesoftware.openfire.container.PluginManager - No plugin loader found for broadcast
2014.06.18 09:54:34 org.jivesoftware.openfire.container.PluginManager - No plugin loader found for broadcast
2014.06.18 09:54:56 org.jivesoftware.openfire.container.PluginManager - No plugin loader found for broadcast
2014.06.18 09:55:18 org.jivesoftware.openfire.container.PluginManager - No plugin loader found for broadcast
2014.06.18 09:55:40 org.jivesoftware.openfire.container.PluginManager - No plugin loader found for broadcast
2014.06.18 09:56:03 org.jivesoftware.openfire.container.PluginManager - No plugin loader found for broadcast
2014.06.18 09:56:25 org.jivesoftware.openfire.container.PluginManager - No plugin loader found for broadcast
2014.06.18 09:56:47 org.jivesoftware.openfire.container.PluginManager - No plugin loader found for broadcast
2014.06.18 09:57:09 org.jivesoftware.openfire.container.PluginManager - No plugin loader found for broadcast
2014.06.18 09:57:31 org.jivesoftware.openfire.container.PluginManager - No plugin loader found for broadcast
2014.06.18 09:57:53 org.jivesoftware.openfire.container.PluginManager - No plugin loader found for broadcast
2014.06.18 09:58:15 org.jivesoftware.openfire.container.PluginManager - No plugin loader found for broadcast
2014.06.18 09:58:37 org.jivesoftware.openfire.container.PluginManager - No plugin loader found for broadcast
2014.06.18 09:58:59 org.jivesoftware.openfire.container.PluginManager - No plugin loader found for broadcast
2014.06.18 09:59:21 org.jivesoftware.openfire.container.PluginManager - No plugin loader found for broadcast
2014.06.18 09:59:43 org.jivesoftware.openfire.container.PluginManager - No plugin loader found for broadcast
2014.06.18 10:00:05 org.jivesoftware.openfire.container.PluginManager - No plugin loader found for broadcast
2014.06.18 10:00:27 org.jivesoftware.openfire.container.PluginManager - No plugin loader found for broadcast
2014.06.18 10:00:49 org.jivesoftware.openfire.container.PluginManager - No plugin loader found for broadcast
2014.06.18 10:01:11 org.jivesoftware.openfire.container.PluginManager - No plugin loader found for broadcast
2014.06.18 10:01:33 org.jivesoftware.openfire.container.PluginManager - No plugin loader found for broadcast
2014.06.18 10:01:55 org.jivesoftware.openfire.container.PluginManager - No plugin loader found for broadcast
2014.06.18 10:02:18 org.jivesoftware.openfire.container.PluginManager - No plugin loader found for broadcast
2014.06.18 10:02:40 org.jivesoftware.openfire.container.PluginManager - No plugin loader found for broadcast
2014.06.18 10:03:02 org.jivesoftware.openfire.container.PluginManager - No plugin loader found for broadcast
2014.06.18 10:03:24 org.jivesoftware.openfire.container.PluginManager - No plugin loader found for broadcast
2014.06.18 10:03:46 org.jivesoftware.openfire.container.PluginManager - No plugin loader found for broadcast
2014.06.18 10:04:08 org.jivesoftware.openfire.container.PluginManager - No plugin loader found for broadcast
2014.06.18 10:04:30 org.jivesoftware.openfire.container.PluginManager - No plugin loader found for broadcast
2014.06.18 10:04:52 org.jivesoftware.openfire.container.PluginManager - No plugin loader found for broadcast
2014.06.18 10:05:14 org.jivesoftware.openfire.container.PluginManager - No plugin loader found for broadcast
2014.06.18 10:05:36 org.jivesoftware.openfire.container.PluginManager - No plugin loader found for broadcast
2014.06.18 10:05:58 org.jivesoftware.openfire.container.PluginManager - No plugin loader found for broadcast
2014.06.18 10:06:20 org.jivesoftware.openfire.container.PluginManager - No plugin loader found for broadcast
2014.06.18 10:06:42 org.jivesoftware.openfire.container.PluginManager - No plugin loader found for broadcast
2014.06.18 10:07:04 org.jivesoftware.openfire.container.PluginManager - No plugin loader found for broadcast
2014.06.18 10:07:26 org.jivesoftware.openfire.container.PluginManager - No plugin loader found for broadcast
2014.06.18 10:07:48 org.jivesoftware.openfire.container.PluginManager - No plugin loader found for broadcast
2014.06.18 10:08:10 org.jivesoftware.openfire.container.PluginManager - No plugin loader found for broadcast
2014.06.18 10:08:33 org.jivesoftware.openfire.container.PluginManager - No plugin loader found for broadcast
2014.06.18 10:08:55 org.jivesoftware.openfire.container.PluginManager - No plugin loader found for broadcast
2014.06.18 10:09:17 org.jivesoftware.openfire.container.PluginManager - No plugin loader found for broadcast
2014.06.18 10:09:39 org.jivesoftware.openfire.container.PluginManager - No plugin loader found for broadcast
2014.06.18 10:10:01 org.jivesoftware.openfire.container.PluginManager - No plugin loader found for broadcast
2014.06.18 10:10:23 org.jivesoftware.openfire.container.PluginManager - No plugin loader found for broadcast
2014.06.18 10:10:45 org.jivesoftware.openfire.container.PluginManager - No plugin loader found for broadcast
2014.06.18 10:11:07 org.jivesoftware.openfire.container.PluginManager - No plugin loader found for broadcast
2014.06.18 10:11:29 org.jivesoftware.openfire.container.PluginManager - No plugin loader found for broadcast
2014.06.18 10:11:51 org.jivesoftware.openfire.container.PluginManager - No plugin loader found for broadcast
2014.06.18 10:12:13 org.jivesoftware.openfire.container.PluginManager - No plugin loader found for broadcast
2014.06.18 10:12:35 org.jivesoftware.openfire.container.PluginManager - No plugin loader found for broadcast
2014.06.18 10:12:57 org.jivesoftware.openfire.container.PluginManager - No plugin loader found for broadcast
2014.06.18 10:13:19 org.jivesoftware.openfire.container.PluginManager - No plugin loader found for broadcast
2014.06.18 10:13:41 org.jivesoftware.openfire.container.PluginManager - No plugin loader found for broadcast
2014.06.18 10:14:03 org.jivesoftware.openfire.container.PluginManager - No plugin loader found for broadcast
2014.06.18 10:14:25 org.jivesoftware.openfire.container.PluginManager - No plugin loader found for broadcast
2014.06.18 10:14:48 org.jivesoftware.openfire.container.PluginManager - No plugin loader found for broadcast
2014.06.18 10:15:10 org.jivesoftware.openfire.container.PluginManager - No plugin loader found for broadcast
2014.06.18 10:15:32 org.jivesoftware.openfire.container.PluginManager - No plugin loader found for broadcast
2014.06.18 10:15:54 org.jivesoftware.openfire.container.PluginManager - No plugin loader found for broadcast
2014.06.18 10:16:16 org.jivesoftware.openfire.container.PluginManager - No plugin loader found for broadcast
2014.06.18 10:16:38 org.jivesoftware.openfire.container.PluginManager - No plugin loader found for broadcast
2014.06.18 10:17:00 org.jivesoftware.openfire.container.PluginManager - No plugin loader found for broadcast
2014.06.18 10:17:22 org.jivesoftware.openfire.container.PluginManager - No plugin loader found for broadcast
2014.06.18 10:17:44 org.jivesoftware.openfire.container.PluginManager - No plugin loader found for broadcast
2014.06.18 10:18:06 org.jivesoftware.openfire.container.PluginManager - No plugin loader found for broadcast
2014.06.18 10:18:28 org.jivesoftware.openfire.container.PluginManager - No plugin loader found for broadcast
2014.06.18 10:18:50 org.jivesoftware.openfire.container.PluginManager - No plugin loader found for broadcast
2014.06.18 10:19:12 org.jivesoftware.openfire.container.PluginManager - No plugin loader found for broadcast
2014.06.18 10:19:34 org.jivesoftware.openfire.container.PluginManager - No plugin loader found for broadcast
2014.06.18 10:19:56 org.jivesoftware.openfire.container.PluginManager - No plugin loader found for broadcast
2014.06.18 10:20:18 org.jivesoftware.openfire.container.PluginManager - No plugin loader found for broadcast
2014.06.18 10:20:40 org.jivesoftware.openfire.container.PluginManager - No plugin loader found for broadcast
2014.06.18 10:21:02 org.jivesoftware.openfire.container.PluginManager - No plugin loader found for broadcast
2014.06.18 10:21:25 org.jivesoftware.openfire.container.PluginManager - No plugin loader found for broadcast
2014.06.18 10:21:47 org.jivesoftware.openfire.container.PluginManager - No plugin loader found for broadcast
2014.06.18 10:22:09 org.jivesoftware.openfire.container.PluginManager - No plugin loader found for broadcast
2014.06.18 10:22:31 org.jivesoftware.openfire.container.PluginManager - No plugin loader found for broadcast
2014.06.18 10:22:53 org.jivesoftware.openfire.container.PluginManager - No plugin loader found for broadcast
2014.06.18 10:23:15 org.jivesoftware.openfire.container.PluginManager - No plugin loader found for broadcast
2014.06.18 10:23:37 org.jivesoftware.openfire.container.PluginManager - No plugin loader found for broadcast
2014.06.18 10:23:59 org.jivesoftware.openfire.container.PluginManager - No plugin loader found for broadcast
2014.06.18 10:24:21 org.jivesoftware.openfire.container.PluginManager - No plugin loader found for broadcast
2014.06.18 10:24:43 org.jivesoftware.openfire.container.PluginManager - No plugin loader found for broadcast
2014.06.18 10:25:05 org.jivesoftware.openfire.container.PluginManager - No plugin loader found for broadcast
2014.06.18 10:25:27 org.jivesoftware.openfire.container.PluginManager - No plugin loader found for broadcast
2014.06.18 10:25:49 org.jivesoftware.openfire.container.PluginManager - No plugin loader found for broadcast
2014.06.18 10:26:11 org.jivesoftware.openfire.container.PluginManager - No plugin loader found for broadcast
2014.06.18 10:26:33 org.jivesoftware.openfire.container.PluginManager - No plugin loader found for broadcast
2014.06.18 10:26:55 org.jivesoftware.openfire.container.PluginManager - No plugin loader found for broadcast
2014.06.18 10:27:18 org.jivesoftware.openfire.container.PluginManager - No plugin loader found for broadcast
2014.06.18 10:27:40 org.jivesoftware.openfire.container.PluginManager - No plugin loader found for broadcast
2014.06.18 10:28:02 org.jivesoftware.openfire.container.PluginManager - No plugin loader found for broadcast
2014.06.18 10:28:24 org.jivesoftware.openfire.container.PluginManager - No plugin loader found for broadcast
2014.06.18 10:28:46 org.jivesoftware.openfire.container.PluginManager - No plugin loader found for broadcast
2014.06.18 10:29:08 org.jivesoftware.openfire.container.PluginManager - No plugin loader found for broadcast
2014.06.18 10:29:30 org.jivesoftware.openfire.container.PluginManager - No plugin loader found for broadcast
2014.06.18 10:29:52 org.jivesoftware.openfire.container.PluginManager - No plugin loader found for broadcast
2014.06.18 10:30:14 org.jivesoftware.openfire.container.PluginManager - No plugin loader found for broadcast
2014.06.18 10:30:36 org.jivesoftware.openfire.container.PluginManager - No plugin loader found for broadcast
2014.06.18 10:30:58 org.jivesoftware.openfire.container.PluginManager - No plugin loader found for broadcast
2014.06.18 10:31:20 org.jivesoftware.openfire.container.PluginManager - No plugin loader found for broadcast
2014.06.18 10:31:42 org.jivesoftware.openfire.container.PluginManager - No plugin loader found for broadcast
2014.06.18 10:32:04 org.jivesoftware.openfire.container.PluginManager - No plugin loader found for broadcast
2014.06.18 10:32:26 org.jivesoftware.openfire.container.PluginManager - No plugin loader found for broadcast
2014.06.18 10:32:48 org.jivesoftware.openfire.container.PluginManager - No plugin loader found for broadcast
2014.06.18 10:33:10 org.jivesoftware.openfire.container.PluginManager - No plugin loader found for broadcast
2014.06.18 10:33:33 org.jivesoftware.openfire.container.PluginManager - No plugin loader found for broadcast
2014.06.18 10:33:55 org.jivesoftware.openfire.container.PluginManager - No plugin loader found for broadcast
2014.06.18 10:34:17 org.jivesoftware.openfire.container.PluginManager - No plugin loader found for broadcast
2014.06.18 10:34:39 org.jivesoftware.openfire.container.PluginManager - No plugin loader found for broadcast
2014.06.18 10:35:01 org.jivesoftware.openfire.container.PluginManager - No plugin loader found for broadcast
2014.06.18 10:35:23 org.jivesoftware.openfire.container.PluginManager - No plugin loader found for broadcast
2014.06.18 10:35:45 org.jivesoftware.openfire.container.PluginManager - No plugin loader found for broadcast
2014.06.18 10:36:07 org.jivesoftware.openfire.container.PluginManager - No plugin loader found for broadcast
2014.06.18 10:36:29 org.jivesoftware.openfire.container.PluginManager - No plugin loader found for broadcast
2014.06.18 10:36:51 org.jivesoftware.openfire.container.PluginManager - No plugin loader found for broadcast
2014.06.18 10:37:13 org.jivesoftware.openfire.container.PluginManager - No plugin loader found for broadcast
2014.06.18 10:37:35 org.jivesoftware.openfire.container.PluginManager - No plugin loader found for broadcast
2014.06.18 10:37:57 org.jivesoftware.openfire.container.PluginManager - No plugin loader found for broadcast
2014.06.18 10:38:19 org.jivesoftware.openfire.container.PluginManager - No plugin loader found for broadcast
2014.06.18 10:38:41 org.jivesoftware.openfire.container.PluginManager - No plugin loader found for broadcast
2014.06.18 10:39:03 org.jivesoftware.openfire.container.PluginManager - No plugin loader found for broadcast
2014.06.18 10:39:26 org.jivesoftware.openfire.container.PluginManager - No plugin loader found for broadcast
2014.06.18 10:39:48 org.jivesoftware.openfire.container.PluginManager - No plugin loader found for broadcast
2014.06.18 10:40:10 org.jivesoftware.openfire.container.PluginManager - No plugin loader found for broadcast
2014.06.18 10:40:32 org.jivesoftware.openfire.container.PluginManager - No plugin loader found for broadcast
2014.06.18 10:40:54 org.jivesoftware.openfire.container.PluginManager - No plugin loader found for broadcast
2014.06.18 10:41:16 org.jivesoftware.openfire.container.PluginManager - No plugin loader found for broadcast
2014.06.18 10:41:38 org.jivesoftware.openfire.container.PluginManager - No plugin loader found for broadcast
2014.06.18 10:42:00 org.jivesoftware.openfire.container.PluginManager - No plugin loader found for broadcast
2014.06.18 10:42:22 org.jivesoftware.openfire.container.PluginManager - No plugin loader found for broadcast
2014.06.18 10:42:44 org.jivesoftware.openfire.container.PluginManager - No plugin loader found for broadcast
2014.06.18 10:43:06 org.jivesoftware.openfire.container.PluginManager - No plugin loader found for broadcast
2014.06.18 10:43:28 org.jivesoftware.openfire.container.PluginManager - No plugin loader found for broadcast
2014.06.18 10:43:50 org.jivesoftware.openfire.container.PluginManager - No plugin loader found for broadcast
2014.06.18 10:44:12 org.jivesoftware.openfire.container.PluginManager - No plugin loader found for broadcast
2014.06.18 10:44:34 org.jivesoftware.openfire.container.PluginManager - No plugin loader found for broadcast
2014.06.18 10:44:56 org.jivesoftware.openfire.container.PluginManager - No plugin loader found for broadcast
2014.06.18 10:45:19 org.jivesoftware.openfire.container.PluginManager - No plugin loader found for broadcast
2014.06.18 10:45:41 org.jivesoftware.openfire.container.PluginManager - No plugin loader found for broadcast
2014.06.18 10:46:03 org.jivesoftware.openfire.container.PluginManager - No plugin loader found for broadcast
2014.06.18 10:46:25 org.jivesoftware.openfire.container.PluginManager - No plugin loader found for broadcast
2014.06.18 10:46:47 org.jivesoftware.openfire.container.PluginManager - No plugin loader found for broadcast
2014.06.18 10:47:09 org.jivesoftware.openfire.container.PluginManager - No plugin loader found for broadcast
2014.06.18 10:47:31 org.jivesoftware.openfire.container.PluginManager - No plugin loader found for broadcast
2014.06.18 10:47:53 org.jivesoftware.openfire.container.PluginManager - No plugin loader found for broadcast
2014.06.18 10:48:15 org.jivesoftware.openfire.container.PluginManager - No plugin loader found for broadcast
2014.06.18 10:48:37 org.jivesoftware.openfire.container.PluginManager - No plugin loader found for broadcast
2014.06.18 10:48:59 org.jivesoftware.openfire.container.PluginManager - No plugin loader found for broadcast
2014.06.18 10:49:21 org.jivesoftware.openfire.container.PluginManager - No plugin loader found for broadcast
2014.06.18 10:49:43 org.jivesoftware.openfire.container.PluginManager - No plugin loader found for broadcast
2014.06.18 10:50:05 org.jivesoftware.openfire.container.PluginManager - No plugin loader found for broadcast
2014.06.18 10:50:27 org.jivesoftware.openfire.container.PluginManager - No plugin loader found for broadcast
2014.06.18 10:50:49 org.jivesoftware.openfire.container.PluginManager - No plugin loader found for broadcast
2014.06.18 10:51:11 org.jivesoftware.openfire.container.PluginManager - No plugin loader found for broadcast
2014.06.18 10:51:33 org.jivesoftware.openfire.container.PluginManager - No plugin loader found for broadcast
2014.06.18 10:51:56 org.jivesoftware.openfire.container.PluginManager - No plugin loader found for broadcast
2014.06.18 10:52:18 org.jivesoftware.openfire.container.PluginManager - No plugin loader found for broadcast
2014.06.18 10:52:40 org.jivesoftware.openfire.container.PluginManager - No plugin loader found for broadcast
2014.06.18 10:53:02 org.jivesoftware.openfire.container.PluginManager - No plugin loader found for broadcast
2014.06.18 10:53:24 org.jivesoftware.openfire.container.PluginManager - No plugin loader found for broadcast
2014.06.18 10:53:46 org.jivesoftware.openfire.container.PluginManager - No plugin loader found for broadcast
2014.06.18 10:54:08 org.jivesoftware.openfire.container.PluginManager - No plugin loader found for broadcast
2014.06.18 10:54:30 org.jivesoftware.openfire.container.PluginManager - No plugin loader found for broadcast
2014.06.18 10:54:52 org.jivesoftware.openfire.container.PluginManager - No plugin loader found for broadcast
2014.06.18 10:55:14 org.jivesoftware.openfire.container.PluginManager - No plugin loader found for broadcast
2014.06.18 10:55:37 org.jivesoftware.openfire.container.PluginManager - No plugin loader found for broadcast
2014.06.18 10:55:59 org.jivesoftware.openfire.container.PluginManager - No plugin loader found for broadcast
2014.06.18 10:56:21 org.jivesoftware.openfire.container.PluginManager - No plugin loader found for broadcast
2014.06.18 10:56:43 org.jivesoftware.openfire.container.PluginManager - No plugin loader found for broadcast
2014.06.18 10:57:05 org.jivesoftware.openfire.container.PluginManager - No plugin loader found for broadcast
2014.06.18 10:57:27 org.jivesoftware.openfire.container.PluginManager - No plugin loader found for broadcast
2014.06.18 10:57:49 org.jivesoftware.openfire.container.PluginManager - No plugin loader found for broadcast
2014.06.18 10:58:11 org.jivesoftware.openfire.container.PluginManager - No plugin loader found for broadcast
2014.06.18 10:58:33 org.jivesoftware.openfire.container.PluginManager - No plugin loader found for broadcast
2014.06.18 10:58:55 org.jivesoftware.openfire.container.PluginManager - No plugin loader found for broadcast
2014.06.18 10:59:17 org.jivesoftware.openfire.container.PluginManager - No plugin loader found for broadcast
2014.06.18 10:59:39 org.jivesoftware.openfire.container.PluginManager - No plugin loader found for broadcast
2014.06.18 11:00:01 org.jivesoftware.openfire.container.PluginManager - No plugin loader found for broadcast
2014.06.18 11:00:23 org.jivesoftware.openfire.container.PluginManager - No plugin loader found for broadcast
2014.06.18 11:00:45 org.jivesoftware.openfire.container.PluginManager - No plugin loader found for broadcast
2014.06.18 11:01:07 org.jivesoftware.openfire.container.PluginManager - No plugin loader found for broadcast
2014.06.18 11:01:29 org.jivesoftware.openfire.container.PluginManager - No plugin loader found for broadcast
2014.06.18 11:01:51 org.jivesoftware.openfire.container.PluginManager - No plugin loader found for broadcast
2014.06.18 11:02:13 org.jivesoftware.openfire.container.PluginManager - No plugin loader found for broadcast
2014.06.18 11:02:35 org.jivesoftware.openfire.container.PluginManager - No plugin loader found for broadcast
2014.06.18 11:02:58 org.jivesoftware.openfire.container.PluginManager - No plugin loader found for broadcast
2014.06.18 11:03:20 org.jivesoftware.openfire.container.PluginManager - No plugin loader found for broadcast
2014.06.18 11:03:42 org.jivesoftware.openfire.container.PluginManager - No plugin loader found for broadcast
2014.06.18 11:04:04 org.jivesoftware.openfire.container.PluginManager - No plugin loader found for broadcast
2014.06.18 11:04:26 org.jivesoftware.openfire.container.PluginManager - No plugin loader found for broadcast
2014.06.18 11:04:48 org.jivesoftware.openfire.container.PluginManager - No plugin loader found for broadcast
2014.06.18 11:05:10 org.jivesoftware.openfire.container.PluginManager - No plugin loader found for broadcast
2014.06.18 11:05:32 org.jivesoftware.openfire.container.PluginManager - No plugin loader found for broadcast
2014.06.18 11:05:54 org.jivesoftware.openfire.container.PluginManager - No plugin loader found for broadcast
2014.06.18 11:06:16 org.jivesoftware.openfire.container.PluginManager - No plugin loader found for broadcast
2014.06.18 11:06:38 org.jivesoftware.openfire.container.PluginManager - No plugin loader found for broadcast
2014.06.18 11:07:00 org.jivesoftware.openfire.container.PluginManager - No plugin loader found for broadcast
2014.06.18 11:07:22 org.jivesoftware.openfire.container.PluginManager - No plugin loader found for broadcast
2014.06.18 11:07:44 org.jivesoftware.openfire.container.PluginManager - No plugin loader found for broadcast
2014.06.18 11:08:06 org.jivesoftware.openfire.container.PluginManager - No plugin loader found for broadcast
2014.06.18 11:08:28 org.jivesoftware.openfire.container.PluginManager - No plugin loader found for broadcast
2014.06.18 11:08:50 org.jivesoftware.openfire.container.PluginManager - No plugin loader found for broadcast
2014.06.18 11:09:12 org.jivesoftware.openfire.container.PluginManager - No plugin loader found for broadcast
2014.06.18 11:09:35 org.jivesoftware.openfire.container.PluginManager - No plugin loader found for broadcast
2014.06.18 11:09:57 org.jivesoftware.openfire.container.PluginManager - No plugin loader found for broadcast
2014.06.18 11:10:19 org.jivesoftware.openfire.container.PluginManager - No plugin loader found for broadcast
2014.06.18 11:10:41 org.jivesoftware.openfire.container.PluginManager - No plugin loader found for broadcast
2014.06.18 11:11:03 org.jivesoftware.openfire.container.PluginManager - No plugin loader found for broadcast
2014.06.18 11:11:25 org.jivesoftware.openfire.container.PluginManager - No plugin loader found for broadcast
2014.06.18 11:11:47 org.jivesoftware.openfire.container.PluginManager - No plugin loader found for broadcast
2014.06.18 11:12:09 org.jivesoftware.openfire.container.PluginManager - No plugin loader found for broadcast
2014.06.18 11:12:31 org.jivesoftware.openfire.container.PluginManager - No plugin loader found for broadcast
2014.06.18 11:12:53 org.jivesoftware.openfire.container.PluginManager - No plugin loader found for broadcast
2014.06.18 11:13:15 org.jivesoftware.openfire.container.PluginManager - No plugin loader found for broadcast
2014.06.18 11:13:37 org.jivesoftware.openfire.container.PluginManager - No plugin loader found for broadcast
